<?xml version="1.0" encoding="UTF-8"?>
<!-- Generated by org.testng.reporters.JUnitXMLReporter -->
<testsuite ignored="0" hostname="SHADOW" failures="0" tests="3" name="Test" time="10.546" errors="0" timestamp="2022-08-11T17:20:17 IST">
  <testcase classname="com.SauceDemo.TestClasses.TC002VerifyLogoutPageFunctionality" name="logoutfunctionality" time="0.019"/>
  <testcase classname="com.SauceDemo.TestClasses.TC003VerifyAddToCartFunctionality" name="productaddtocartfuntionality" time="0.821"/>
  <testcase classname="com.SauceDemo.TestClasses.TC001VerifyLoginFunctionality" name="loginfunctionality" time="1.042"/>
</testsuite> <!-- Test -->
