<?xml version="1.0" encoding="UTF-8"?>
<testng-results ignored="0" total="3" passed="3" failed="0" skipped="0">
  <reporter-output>
  </reporter-output>
  <suite started-at="2022-08-11T17:20:06 IST" name="Suite" finished-at="2022-08-11T17:20:17 IST" duration-ms="10546">
    <groups>
    </groups>
    <test started-at="2022-08-11T17:20:06 IST" name="Test" finished-at="2022-08-11T17:20:17 IST" duration-ms="10546">
      <class name="com.SauceDemo.TestClasses.TC001VerifyLoginFunctionality">
        <test-method is-config="true" signature="setup()[pri:0, instance:com.SauceDemo.TestClasses.TC001VerifyLoginFunctionality@7ea9e1e2]" started-at="2022-08-11T17:20:06 IST" name="setup" finished-at="2022-08-11T17:20:15 IST" duration-ms="8912" status="PASS">
          <reporter-output>
          </reporter-output>
        </test-method> <!-- setup -->
        <test-method signature="loginfunctionality()[pri:0, instance:com.SauceDemo.TestClasses.TC001VerifyLoginFunctionality@7ea9e1e2]" started-at="2022-08-11T17:20:15 IST" name="loginfunctionality" finished-at="2022-08-11T17:20:16 IST" duration-ms="1042" status="PASS">
          <reporter-output>
          </reporter-output>
        </test-method> <!-- loginfunctionality -->
        <test-method is-config="true" signature="teardown()[pri:0, instance:com.SauceDemo.TestClasses.TC001VerifyLoginFunctionality@7ea9e1e2]" started-at="2022-08-11T17:20:16 IST" name="teardown" finished-at="2022-08-11T17:20:17 IST" duration-ms="506" status="PASS">
          <reporter-output>
          </reporter-output>
        </test-method> <!-- teardown -->
      </class> <!-- com.SauceDemo.TestClasses.TC001VerifyLoginFunctionality -->
      <class name="com.SauceDemo.TestClasses.TC002VerifyLogoutPageFunctionality">
        <test-method is-config="true" signature="setup()[pri:0, instance:com.SauceDemo.TestClasses.TC002VerifyLogoutPageFunctionality@2f217633]" started-at="2022-08-11T17:20:06 IST" name="setup" finished-at="2022-08-11T17:20:15 IST" duration-ms="8864" status="PASS">
          <reporter-output>
          </reporter-output>
        </test-method> <!-- setup -->
        <test-method signature="logoutfunctionality()[pri:0, instance:com.SauceDemo.TestClasses.TC002VerifyLogoutPageFunctionality@2f217633]" started-at="2022-08-11T17:20:15 IST" name="logoutfunctionality" finished-at="2022-08-11T17:20:15 IST" duration-ms="19" status="PASS">
          <reporter-output>
          </reporter-output>
        </test-method> <!-- logoutfunctionality -->
        <test-method is-config="true" signature="teardown()[pri:0, instance:com.SauceDemo.TestClasses.TC002VerifyLogoutPageFunctionality@2f217633]" started-at="2022-08-11T17:20:15 IST" name="teardown" finished-at="2022-08-11T17:20:16 IST" duration-ms="519" status="PASS">
          <reporter-output>
          </reporter-output>
        </test-method> <!-- teardown -->
      </class> <!-- com.SauceDemo.TestClasses.TC002VerifyLogoutPageFunctionality -->
      <class name="com.SauceDemo.TestClasses.TC003VerifyAddToCartFunctionality">
        <test-method is-config="true" signature="setup()[pri:0, instance:com.SauceDemo.TestClasses.TC003VerifyAddToCartFunctionality@48f278eb]" started-at="2022-08-11T17:20:06 IST" name="setup" finished-at="2022-08-11T17:20:15 IST" duration-ms="8602" status="PASS">
          <reporter-output>
          </reporter-output>
        </test-method> <!-- setup -->
        <test-method signature="productaddtocartfuntionality()[pri:0, instance:com.SauceDemo.TestClasses.TC003VerifyAddToCartFunctionality@48f278eb]" started-at="2022-08-11T17:20:15 IST" name="productaddtocartfuntionality" finished-at="2022-08-11T17:20:16 IST" duration-ms="821" status="PASS">
          <reporter-output>
          </reporter-output>
        </test-method> <!-- productaddtocartfuntionality -->
        <test-method is-config="true" signature="teardown()[pri:0, instance:com.SauceDemo.TestClasses.TC003VerifyAddToCartFunctionality@48f278eb]" started-at="2022-08-11T17:20:16 IST" name="teardown" finished-at="2022-08-11T17:20:16 IST" duration-ms="558" status="PASS">
          <reporter-output>
          </reporter-output>
        </test-method> <!-- teardown -->
      </class> <!-- com.SauceDemo.TestClasses.TC003VerifyAddToCartFunctionality -->
    </test> <!-- Test -->
  </suite> <!-- Suite -->
</testng-results>
